<?xml version="1.0" encoding="UTF-8"?>
<coverage generated="1660348060754" clover="3.2.0">
  <project timestamp="1660348060755" name="All files">
    <metrics statements="60" coveredstatements="60" conditionals="44" coveredconditionals="41" methods="11" coveredmethods="11" elements="115" coveredelements="112" complexity="0" loc="60" ncloc="60" packages="1" files="1" classes="1"/>
    <file name="parser.ts" path="/home/csha/Dokumenty/over.ts/src/parser.ts">
      <metrics statements="60" coveredstatements="60" conditionals="44" coveredconditionals="41" methods="11" coveredmethods="11"/>
      <line num="2" count="55" type="stmt"/>
      <line num="3" count="145" type="stmt"/>
      <line num="4" count="19" type="stmt"/>
      <line num="5" count="13" type="cond" truecount="2" falsecount="0"/>
      <line num="7" count="1" type="stmt"/>
      <line num="12" count="15" type="stmt"/>
      <line num="14" count="15" type="cond" truecount="2" falsecount="0"/>
      <line num="15" count="15" type="stmt"/>
      <line num="16" count="15" type="stmt"/>
      <line num="17" count="15" type="stmt"/>
      <line num="18" count="15" type="stmt"/>
      <line num="19" count="15" type="stmt"/>
      <line num="21" count="15" type="stmt"/>
      <line num="23" count="15" type="stmt"/>
      <line num="24" count="15" type="stmt"/>
      <line num="25" count="74" type="stmt"/>
      <line num="26" count="74" type="stmt"/>
      <line num="27" count="74" type="cond" truecount="5" falsecount="0"/>
      <line num="29" count="15" type="cond" truecount="1" falsecount="1"/>
      <line num="30" count="15" type="cond" truecount="2" falsecount="0"/>
      <line num="31" count="3" type="cond" truecount="2" falsecount="0"/>
      <line num="32" count="2" type="cond" truecount="2" falsecount="0"/>
      <line num="33" count="1" type="stmt"/>
      <line num="34" count="13" type="stmt"/>
      <line num="37" count="17" type="stmt"/>
      <line num="38" count="103" type="cond" truecount="2" falsecount="0"/>
      <line num="39" count="17" type="stmt"/>
      <line num="40" count="17" type="stmt"/>
      <line num="41" count="17" type="cond" truecount="1" falsecount="0"/>
      <line num="42" count="16" type="stmt"/>
      <line num="43" count="16" type="stmt"/>
      <line num="44" count="16" type="stmt"/>
      <line num="47" count="21" type="cond" truecount="2" falsecount="0"/>
      <line num="48" count="15" type="cond" truecount="2" falsecount="0"/>
      <line num="49" count="8" type="stmt"/>
      <line num="50" count="8" type="stmt"/>
      <line num="52" count="7" type="cond" truecount="2" falsecount="0"/>
      <line num="53" count="2" type="cond" truecount="2" falsecount="0"/>
      <line num="54" count="1" type="stmt"/>
      <line num="55" count="19" type="stmt"/>
      <line num="58" count="15" type="cond" truecount="2" falsecount="0"/>
      <line num="59" count="8" type="cond" truecount="2" falsecount="0"/>
      <line num="60" count="3" type="cond" truecount="2" falsecount="0"/>
      <line num="61" count="2" type="cond" truecount="2" falsecount="0"/>
      <line num="62" count="1" type="stmt"/>
      <line num="63" count="12" type="stmt"/>
      <line num="66" count="6" type="stmt"/>
      <line num="69" count="7" type="cond" truecount="1" falsecount="0"/>
      <line num="71" count="6" type="cond" truecount="2" falsecount="0"/>
      <line num="72" count="8" type="stmt"/>
      <line num="73" count="21" type="cond" truecount="2" falsecount="0"/>
      <line num="76" count="1" type="stmt"/>
      <line num="80" count="2" type="stmt"/>
      <line num="81" count="2" type="cond" truecount="0" falsecount="1"/>
      <line num="82" count="2" type="stmt"/>
      <line num="84" count="2" type="stmt"/>
      <line num="85" count="2" type="stmt"/>
      <line num="86" count="2" type="stmt"/>
      <line num="88" count="2" type="cond" truecount="0" falsecount="1"/>
      <line num="90" count="2" type="stmt"/>
    </file>
  </project>
</coverage>
