{"/home/csha/Dokumenty/over.ts/src/parser.ts": {"path":"/home/csha/Dokumenty/over.ts/src/parser.ts","statementMap":{"0":{"start":{"line":2,"column":21},"end":{"line":2,"column":50}},"1":{"start":{"line":2,"column":37},"end":{"line":2,"column":50}},"2":{"start":{"line":3,"column":17},"end":{"line":3,"column":55}},"3":{"start":{"line":3,"column":33},"end":{"line":3,"column":55}},"4":{"start":{"line":4,"column":16},"end":{"line":4,"column":42}},"5":{"start":{"line":4,"column":32},"end":{"line":4,"column":42}},"6":{"start":{"line":5,"column":16},"end":{"line":5,"column":68}},"7":{"start":{"line":5,"column":44},"end":{"line":5,"column":68}},"8":{"start":{"line":12,"column":47},"end":{"line":12,"column":49}},"9":{"start":{"line":14,"column":4},"end":{"line":14,"column":null}},"10":{"start":{"line":15,"column":8},"end":{"line":15,"column":null}},"11":{"start":{"line":16,"column":8},"end":{"line":16,"column":null}},"12":{"start":{"line":17,"column":8},"end":{"line":17,"column":null}},"13":{"start":{"line":18,"column":8},"end":{"line":18,"column":null}},"14":{"start":{"line":19,"column":8},"end":{"line":19,"column":null}},"15":{"start":{"line":21,"column":16},"end":{"line":21,"column":33}},"16":{"start":{"line":23,"column":4},"end":{"line":68,"column":null}},"17":{"start":{"line":24,"column":4},"end":{"line":68,"column":null}},"18":{"start":{"line":24,"column":19},"end":{"line":24,"column":20}},"19":{"start":{"line":25,"column":19},"end":{"line":25,"column":33}},"20":{"start":{"line":26,"column":20},"end":{"line":26,"column":38}},"21":{"start":{"line":27,"column":8},"end":{"line":67,"column":null}},"22":{"start":{"line":29,"column":16},"end":{"line":33,"column":93}},"23":{"start":{"line":29,"column":38},"end":{"line":29,"column":44}},"24":{"start":{"line":30,"column":21},"end":{"line":33,"column":93}},"25":{"start":{"line":30,"column":39},"end":{"line":30,"column":64}},"26":{"start":{"line":31,"column":21},"end":{"line":33,"column":93}},"27":{"start":{"line":31,"column":43},"end":{"line":31,"column":68}},"28":{"start":{"line":32,"column":21},"end":{"line":33,"column":93}},"29":{"start":{"line":32,"column":38},"end":{"line":32,"column":100}},"30":{"start":{"line":33,"column":21},"end":{"line":33,"column":93}},"31":{"start":{"line":34,"column":16},"end":{"line":34,"column":22}},"32":{"start":{"line":37,"column":34},"end":{"line":37,"column":37}},"33":{"start":{"line":38,"column":16},"end":{"line":38,"column":81}},"34":{"start":{"line":38,"column":75},"end":{"line":38,"column":81}},"35":{"start":{"line":39,"column":29},"end":{"line":39,"column":64}},"36":{"start":{"line":40,"column":30},"end":{"line":40,"column":46}},"37":{"start":{"line":41,"column":16},"end":{"line":41,"column":106}},"38":{"start":{"line":41,"column":41},"end":{"line":41,"column":106}},"39":{"start":{"line":42,"column":16},"end":{"line":42,"column":35}},"40":{"start":{"line":43,"column":16},"end":{"line":43,"column":46}},"41":{"start":{"line":44,"column":16},"end":{"line":44,"column":22}},"42":{"start":{"line":47,"column":16},"end":{"line":54,"column":93}},"43":{"start":{"line":47,"column":38},"end":{"line":47,"column":44}},"44":{"start":{"line":48,"column":21},"end":{"line":54,"column":93}},"45":{"start":{"line":49,"column":20},"end":{"line":49,"column":26}},"46":{"start":{"line":50,"column":20},"end":{"line":50,"column":51}},"47":{"start":{"line":52,"column":21},"end":{"line":54,"column":93}},"48":{"start":{"line":52,"column":43},"end":{"line":52,"column":68}},"49":{"start":{"line":53,"column":21},"end":{"line":54,"column":93}},"50":{"start":{"line":53,"column":39},"end":{"line":53,"column":105}},"51":{"start":{"line":54,"column":21},"end":{"line":54,"column":93}},"52":{"start":{"line":55,"column":16},"end":{"line":55,"column":22}},"53":{"start":{"line":58,"column":16},"end":{"line":62,"column":93}},"54":{"start":{"line":58,"column":38},"end":{"line":58,"column":44}},"55":{"start":{"line":59,"column":21},"end":{"line":62,"column":93}},"56":{"start":{"line":59,"column":39},"end":{"line":59,"column":64}},"57":{"start":{"line":60,"column":21},"end":{"line":62,"column":93}},"58":{"start":{"line":60,"column":43},"end":{"line":60,"column":114}},"59":{"start":{"line":61,"column":21},"end":{"line":62,"column":93}},"60":{"start":{"line":61,"column":38},"end":{"line":61,"column":98}},"61":{"start":{"line":62,"column":21},"end":{"line":62,"column":93}},"62":{"start":{"line":63,"column":16},"end":{"line":63,"column":22}},"63":{"start":{"line":66,"column":16},"end":{"line":66,"column":27}},"64":{"start":{"line":69,"column":4},"end":{"line":69,"column":108}},"65":{"start":{"line":69,"column":36},"end":{"line":69,"column":108}},"66":{"start":{"line":71,"column":4},"end":{"line":73,"column":98}},"67":{"start":{"line":72,"column":31},"end":{"line":72,"column":65}},"68":{"start":{"line":72,"column":54},"end":{"line":72,"column":64}},"69":{"start":{"line":73,"column":31},"end":{"line":73,"column":97}},"70":{"start":{"line":73,"column":86},"end":{"line":73,"column":96}},"71":{"start":{"line":7,"column":0},"end":{"line":7,"column":16}},"72":{"start":{"line":80,"column":14},"end":{"line":80,"column":37}},"73":{"start":{"line":81,"column":4},"end":{"line":81,"column":92}},"74":{"start":{"line":81,"column":20},"end":{"line":81,"column":92}},"75":{"start":{"line":82,"column":4},"end":{"line":82,"column":13}},"76":{"start":{"line":84,"column":4},"end":{"line":84,"column":47}},"77":{"start":{"line":84,"column":41},"end":{"line":84,"column":47}},"78":{"start":{"line":85,"column":17},"end":{"line":85,"column":51}},"79":{"start":{"line":86,"column":18},"end":{"line":86,"column":34}},"80":{"start":{"line":88,"column":4},"end":{"line":88,"column":94}},"81":{"start":{"line":88,"column":29},"end":{"line":88,"column":94}},"82":{"start":{"line":90,"column":4},"end":{"line":90,"column":17}},"83":{"start":{"line":76,"column":0},"end":{"line":76,"column":16}}},"fnMap":{"0":{"name":"(anonymous_0)","decl":{"start":{"line":2,"column":21},"end":{"line":2,"column":22}},"loc":{"start":{"line":2,"column":37},"end":{"line":2,"column":50}}},"1":{"name":"(anonymous_1)","decl":{"start":{"line":3,"column":17},"end":{"line":3,"column":18}},"loc":{"start":{"line":3,"column":33},"end":{"line":3,"column":55}}},"2":{"name":"(anonymous_2)","decl":{"start":{"line":4,"column":16},"end":{"line":4,"column":17}},"loc":{"start":{"line":4,"column":32},"end":{"line":4,"column":42}}},"3":{"name":"(anonymous_3)","decl":{"start":{"line":5,"column":16},"end":{"line":5,"column":17}},"loc":{"start":{"line":5,"column":44},"end":{"line":5,"column":68}}},"4":{"name":"signatureToArgumentGuard","decl":{"start":{"line":7,"column":16},"end":{"line":7,"column":40}},"loc":{"start":{"line":10,"column":47},"end":{"line":74,"column":1}}},"5":{"name":"(anonymous_5)","decl":{"start":{"line":14,"column":4},"end":{"line":14,"column":9}},"loc":{"start":{"line":14,"column":20},"end":{"line":20,"column":5}}},"6":{"name":"(anonymous_6)","decl":{"start":{"line":72,"column":10},"end":{"line":72,"column":11}},"loc":{"start":{"line":72,"column":31},"end":{"line":72,"column":65}}},"7":{"name":"(anonymous_7)","decl":{"start":{"line":72,"column":44},"end":{"line":72,"column":45}},"loc":{"start":{"line":72,"column":54},"end":{"line":72,"column":64}}},"8":{"name":"(anonymous_8)","decl":{"start":{"line":73,"column":10},"end":{"line":73,"column":11}},"loc":{"start":{"line":73,"column":31},"end":{"line":73,"column":97}}},"9":{"name":"(anonymous_9)","decl":{"start":{"line":73,"column":76},"end":{"line":73,"column":77}},"loc":{"start":{"line":73,"column":86},"end":{"line":73,"column":96}}},"10":{"name":"signatureToReturnGuard","decl":{"start":{"line":76,"column":16},"end":{"line":76,"column":38}},"loc":{"start":{"line":78,"column":21},"end":{"line":91,"column":1}}}},"branchMap":{"0":{"loc":{"start":{"line":5,"column":44},"end":{"line":5,"column":68}},"type":"binary-expr","locations":[{"start":{"line":5,"column":44},"end":{"line":5,"column":54}},{"start":{"line":5,"column":58},"end":{"line":5,"column":68}}]},"1":{"loc":{"start":{"line":10,"column":4},"end":{"line":10,"column":47}},"type":"default-arg","locations":[{"start":{"line":10,"column":42},"end":{"line":10,"column":47}}]},"2":{"loc":{"start":{"line":14,"column":9},"end":{"line":14,"column":null}},"type":"binary-expr","locations":[{"start":{"line":14,"column":9},"end":{"line":14,"column":20}},{"start":{"line":14,"column":9},"end":{"line":14,"column":null}}]},"3":{"loc":{"start":{"line":27,"column":8},"end":{"line":67,"column":null}},"type":"switch","locations":[{"start":{"line":28,"column":12},"end":{"line":34,"column":22}},{"start":{"line":36,"column":12},"end":{"line":44,"column":22}},{"start":{"line":46,"column":12},"end":{"line":55,"column":22}},{"start":{"line":57,"column":12},"end":{"line":63,"column":22}},{"start":{"line":65,"column":12},"end":{"line":66,"column":27}}]},"4":{"loc":{"start":{"line":29,"column":16},"end":{"line":33,"column":93}},"type":"if","locations":[{"start":{"line":29,"column":16},"end":{"line":33,"column":93}},{"start":{"line":30,"column":21},"end":{"line":33,"column":93}}]},"5":{"loc":{"start":{"line":30,"column":21},"end":{"line":33,"column":93}},"type":"if","locations":[{"start":{"line":30,"column":21},"end":{"line":33,"column":93}},{"start":{"line":31,"column":21},"end":{"line":33,"column":93}}]},"6":{"loc":{"start":{"line":31,"column":21},"end":{"line":33,"column":93}},"type":"if","locations":[{"start":{"line":31,"column":21},"end":{"line":33,"column":93}},{"start":{"line":32,"column":21},"end":{"line":33,"column":93}}]},"7":{"loc":{"start":{"line":32,"column":21},"end":{"line":33,"column":93}},"type":"if","locations":[{"start":{"line":32,"column":21},"end":{"line":33,"column":93}},{"start":{"line":33,"column":21},"end":{"line":33,"column":93}}]},"8":{"loc":{"start":{"line":38,"column":23},"end":{"line":38,"column":73}},"type":"binary-expr","locations":[{"start":{"line":38,"column":23},"end":{"line":38,"column":47}},{"start":{"line":38,"column":51},"end":{"line":38,"column":73}}]},"9":{"loc":{"start":{"line":41,"column":16},"end":{"line":41,"column":106}},"type":"if","locations":[{"start":{"line":41,"column":16},"end":{"line":41,"column":106}}]},"10":{"loc":{"start":{"line":47,"column":16},"end":{"line":54,"column":93}},"type":"if","locations":[{"start":{"line":47,"column":16},"end":{"line":54,"column":93}},{"start":{"line":48,"column":21},"end":{"line":54,"column":93}}]},"11":{"loc":{"start":{"line":48,"column":21},"end":{"line":54,"column":93}},"type":"if","locations":[{"start":{"line":48,"column":21},"end":{"line":54,"column":93}},{"start":{"line":52,"column":21},"end":{"line":54,"column":93}}]},"12":{"loc":{"start":{"line":52,"column":21},"end":{"line":54,"column":93}},"type":"if","locations":[{"start":{"line":52,"column":21},"end":{"line":54,"column":93}},{"start":{"line":53,"column":21},"end":{"line":54,"column":93}}]},"13":{"loc":{"start":{"line":53,"column":21},"end":{"line":54,"column":93}},"type":"if","locations":[{"start":{"line":53,"column":21},"end":{"line":54,"column":93}},{"start":{"line":54,"column":21},"end":{"line":54,"column":93}}]},"14":{"loc":{"start":{"line":58,"column":16},"end":{"line":62,"column":93}},"type":"if","locations":[{"start":{"line":58,"column":16},"end":{"line":62,"column":93}},{"start":{"line":59,"column":21},"end":{"line":62,"column":93}}]},"15":{"loc":{"start":{"line":59,"column":21},"end":{"line":62,"column":93}},"type":"if","locations":[{"start":{"line":59,"column":21},"end":{"line":62,"column":93}},{"start":{"line":60,"column":21},"end":{"line":62,"column":93}}]},"16":{"loc":{"start":{"line":60,"column":21},"end":{"line":62,"column":93}},"type":"if","locations":[{"start":{"line":60,"column":21},"end":{"line":62,"column":93}},{"start":{"line":61,"column":21},"end":{"line":62,"column":93}}]},"17":{"loc":{"start":{"line":61,"column":21},"end":{"line":62,"column":93}},"type":"if","locations":[{"start":{"line":61,"column":21},"end":{"line":62,"column":93}},{"start":{"line":62,"column":21},"end":{"line":62,"column":93}}]},"18":{"loc":{"start":{"line":69,"column":4},"end":{"line":69,"column":108}},"type":"if","locations":[{"start":{"line":69,"column":4},"end":{"line":69,"column":108}}]},"19":{"loc":{"start":{"line":71,"column":11},"end":{"line":73,"column":97}},"type":"cond-expr","locations":[{"start":{"line":72,"column":10},"end":{"line":72,"column":65}},{"start":{"line":73,"column":10},"end":{"line":73,"column":97}}]},"20":{"loc":{"start":{"line":73,"column":31},"end":{"line":73,"column":97}},"type":"binary-expr","locations":[{"start":{"line":73,"column":31},"end":{"line":73,"column":59}},{"start":{"line":73,"column":63},"end":{"line":73,"column":97}}]},"21":{"loc":{"start":{"line":81,"column":4},"end":{"line":81,"column":92}},"type":"if","locations":[{"start":{"line":81,"column":4},"end":{"line":81,"column":92}}]},"22":{"loc":{"start":{"line":88,"column":4},"end":{"line":88,"column":94}},"type":"if","locations":[{"start":{"line":88,"column":4},"end":{"line":88,"column":94}}]}},"s":{"0":1,"1":55,"2":1,"3":145,"4":1,"5":19,"6":1,"7":13,"8":15,"9":15,"10":15,"11":15,"12":15,"13":15,"14":15,"15":15,"16":15,"17":15,"18":15,"19":74,"20":74,"21":74,"22":15,"23":0,"24":15,"25":12,"26":3,"27":1,"28":2,"29":1,"30":1,"31":13,"32":17,"33":17,"34":103,"35":17,"36":17,"37":17,"38":1,"39":16,"40":16,"41":16,"42":21,"43":6,"44":15,"45":8,"46":8,"47":7,"48":5,"49":2,"50":1,"51":1,"52":19,"53":15,"54":7,"55":8,"56":5,"57":3,"58":1,"59":2,"60":1,"61":1,"62":12,"63":6,"64":7,"65":1,"66":6,"67":4,"68":8,"69":16,"70":21,"71":1,"72":2,"73":2,"74":0,"75":2,"76":2,"77":2,"78":2,"79":2,"80":2,"81":0,"82":2,"83":1},"f":{"0":55,"1":145,"2":19,"3":13,"4":15,"5":15,"6":4,"7":8,"8":16,"9":21,"10":2},"b":{"0":[13,7],"1":[13],"2":[15,15],"3":[15,17,21,15,6],"4":[0,15],"5":[12,3],"6":[1,2],"7":[1,1],"8":[120,104],"9":[1],"10":[6,15],"11":[8,7],"12":[5,2],"13":[1,1],"14":[7,8],"15":[5,3],"16":[1,2],"17":[1,1],"18":[1],"19":[1,5],"20":[16,14],"21":[0],"22":[0]}}
}
