{"/home/csha/Dokumenty/over.ts/src/parser.ts": {"path":"/home/csha/Dokumenty/over.ts/src/parser.ts","statementMap":{"0":{"start":{"line":2,"column":21},"end":{"line":2,"column":50}},"1":{"start":{"line":2,"column":37},"end":{"line":2,"column":50}},"2":{"start":{"line":3,"column":17},"end":{"line":3,"column":55}},"3":{"start":{"line":3,"column":33},"end":{"line":3,"column":55}},"4":{"start":{"line":4,"column":16},"end":{"line":4,"column":42}},"5":{"start":{"line":4,"column":32},"end":{"line":4,"column":42}},"6":{"start":{"line":5,"column":16},"end":{"line":5,"column":68}},"7":{"start":{"line":5,"column":44},"end":{"line":5,"column":68}},"8":{"start":{"line":11,"column":47},"end":{"line":11,"column":49}},"9":{"start":{"line":13,"column":4},"end":{"line":13,"column":null}},"10":{"start":{"line":14,"column":8},"end":{"line":14,"column":null}},"11":{"start":{"line":15,"column":8},"end":{"line":15,"column":null}},"12":{"start":{"line":16,"column":8},"end":{"line":16,"column":null}},"13":{"start":{"line":17,"column":8},"end":{"line":17,"column":null}},"14":{"start":{"line":18,"column":8},"end":{"line":18,"column":null}},"15":{"start":{"line":20,"column":16},"end":{"line":20,"column":33}},"16":{"start":{"line":22,"column":4},"end":{"line":67,"column":null}},"17":{"start":{"line":23,"column":4},"end":{"line":67,"column":null}},"18":{"start":{"line":23,"column":19},"end":{"line":23,"column":20}},"19":{"start":{"line":24,"column":19},"end":{"line":24,"column":33}},"20":{"start":{"line":25,"column":20},"end":{"line":25,"column":38}},"21":{"start":{"line":26,"column":8},"end":{"line":66,"column":null}},"22":{"start":{"line":28,"column":16},"end":{"line":32,"column":93}},"23":{"start":{"line":28,"column":38},"end":{"line":28,"column":44}},"24":{"start":{"line":29,"column":21},"end":{"line":32,"column":93}},"25":{"start":{"line":29,"column":39},"end":{"line":29,"column":64}},"26":{"start":{"line":30,"column":21},"end":{"line":32,"column":93}},"27":{"start":{"line":30,"column":43},"end":{"line":30,"column":68}},"28":{"start":{"line":31,"column":21},"end":{"line":32,"column":93}},"29":{"start":{"line":31,"column":38},"end":{"line":31,"column":100}},"30":{"start":{"line":32,"column":21},"end":{"line":32,"column":93}},"31":{"start":{"line":33,"column":16},"end":{"line":33,"column":22}},"32":{"start":{"line":36,"column":34},"end":{"line":36,"column":37}},"33":{"start":{"line":37,"column":16},"end":{"line":37,"column":55}},"34":{"start":{"line":37,"column":49},"end":{"line":37,"column":55}},"35":{"start":{"line":38,"column":29},"end":{"line":38,"column":64}},"36":{"start":{"line":39,"column":30},"end":{"line":39,"column":46}},"37":{"start":{"line":40,"column":16},"end":{"line":40,"column":106}},"38":{"start":{"line":40,"column":41},"end":{"line":40,"column":106}},"39":{"start":{"line":41,"column":16},"end":{"line":41,"column":35}},"40":{"start":{"line":42,"column":16},"end":{"line":42,"column":46}},"41":{"start":{"line":43,"column":16},"end":{"line":43,"column":22}},"42":{"start":{"line":46,"column":16},"end":{"line":53,"column":93}},"43":{"start":{"line":46,"column":38},"end":{"line":46,"column":44}},"44":{"start":{"line":47,"column":21},"end":{"line":53,"column":93}},"45":{"start":{"line":48,"column":20},"end":{"line":48,"column":26}},"46":{"start":{"line":49,"column":20},"end":{"line":49,"column":51}},"47":{"start":{"line":51,"column":21},"end":{"line":53,"column":93}},"48":{"start":{"line":51,"column":43},"end":{"line":51,"column":68}},"49":{"start":{"line":52,"column":21},"end":{"line":53,"column":93}},"50":{"start":{"line":52,"column":39},"end":{"line":52,"column":106}},"51":{"start":{"line":53,"column":21},"end":{"line":53,"column":93}},"52":{"start":{"line":54,"column":16},"end":{"line":54,"column":22}},"53":{"start":{"line":57,"column":16},"end":{"line":61,"column":93}},"54":{"start":{"line":57,"column":38},"end":{"line":57,"column":44}},"55":{"start":{"line":58,"column":21},"end":{"line":61,"column":93}},"56":{"start":{"line":58,"column":39},"end":{"line":58,"column":64}},"57":{"start":{"line":59,"column":21},"end":{"line":61,"column":93}},"58":{"start":{"line":59,"column":43},"end":{"line":59,"column":114}},"59":{"start":{"line":60,"column":21},"end":{"line":61,"column":93}},"60":{"start":{"line":60,"column":38},"end":{"line":60,"column":98}},"61":{"start":{"line":61,"column":21},"end":{"line":61,"column":93}},"62":{"start":{"line":62,"column":16},"end":{"line":62,"column":22}},"63":{"start":{"line":65,"column":16},"end":{"line":65,"column":27}},"64":{"start":{"line":68,"column":4},"end":{"line":68,"column":108}},"65":{"start":{"line":68,"column":36},"end":{"line":68,"column":108}},"66":{"start":{"line":70,"column":4},"end":{"line":70,"column":67}},"67":{"start":{"line":70,"column":32},"end":{"line":70,"column":66}},"68":{"start":{"line":70,"column":53},"end":{"line":70,"column":65}},"69":{"start":{"line":7,"column":0},"end":{"line":7,"column":16}},"70":{"start":{"line":77,"column":14},"end":{"line":77,"column":37}},"71":{"start":{"line":78,"column":4},"end":{"line":78,"column":92}},"72":{"start":{"line":78,"column":20},"end":{"line":78,"column":92}},"73":{"start":{"line":79,"column":4},"end":{"line":79,"column":13}},"74":{"start":{"line":81,"column":4},"end":{"line":81,"column":47}},"75":{"start":{"line":81,"column":41},"end":{"line":81,"column":47}},"76":{"start":{"line":82,"column":17},"end":{"line":82,"column":51}},"77":{"start":{"line":83,"column":18},"end":{"line":83,"column":34}},"78":{"start":{"line":85,"column":4},"end":{"line":85,"column":94}},"79":{"start":{"line":85,"column":29},"end":{"line":85,"column":94}},"80":{"start":{"line":87,"column":4},"end":{"line":87,"column":17}},"81":{"start":{"line":73,"column":0},"end":{"line":73,"column":16}}},"fnMap":{"0":{"name":"(anonymous_0)","decl":{"start":{"line":2,"column":21},"end":{"line":2,"column":22}},"loc":{"start":{"line":2,"column":37},"end":{"line":2,"column":50}}},"1":{"name":"(anonymous_1)","decl":{"start":{"line":3,"column":17},"end":{"line":3,"column":18}},"loc":{"start":{"line":3,"column":33},"end":{"line":3,"column":55}}},"2":{"name":"(anonymous_2)","decl":{"start":{"line":4,"column":16},"end":{"line":4,"column":17}},"loc":{"start":{"line":4,"column":32},"end":{"line":4,"column":42}}},"3":{"name":"(anonymous_3)","decl":{"start":{"line":5,"column":16},"end":{"line":5,"column":17}},"loc":{"start":{"line":5,"column":44},"end":{"line":5,"column":68}}},"4":{"name":"signatureToArgumentGuard","decl":{"start":{"line":7,"column":16},"end":{"line":7,"column":40}},"loc":{"start":{"line":9,"column":21},"end":{"line":71,"column":1}}},"5":{"name":"(anonymous_5)","decl":{"start":{"line":13,"column":4},"end":{"line":13,"column":9}},"loc":{"start":{"line":13,"column":20},"end":{"line":19,"column":5}}},"6":{"name":"(anonymous_6)","decl":{"start":{"line":70,"column":11},"end":{"line":70,"column":12}},"loc":{"start":{"line":70,"column":32},"end":{"line":70,"column":66}}},"7":{"name":"(anonymous_7)","decl":{"start":{"line":70,"column":43},"end":{"line":70,"column":44}},"loc":{"start":{"line":70,"column":53},"end":{"line":70,"column":65}}},"8":{"name":"signatureToReturnGuard","decl":{"start":{"line":73,"column":16},"end":{"line":73,"column":38}},"loc":{"start":{"line":75,"column":21},"end":{"line":88,"column":1}}}},"branchMap":{"0":{"loc":{"start":{"line":5,"column":44},"end":{"line":5,"column":68}},"type":"binary-expr","locations":[{"start":{"line":5,"column":44},"end":{"line":5,"column":54}},{"start":{"line":5,"column":58},"end":{"line":5,"column":68}}]},"1":{"loc":{"start":{"line":13,"column":9},"end":{"line":13,"column":null}},"type":"binary-expr","locations":[{"start":{"line":13,"column":9},"end":{"line":13,"column":20}},{"start":{"line":13,"column":9},"end":{"line":13,"column":null}}]},"2":{"loc":{"start":{"line":26,"column":8},"end":{"line":66,"column":null}},"type":"switch","locations":[{"start":{"line":27,"column":12},"end":{"line":33,"column":22}},{"start":{"line":35,"column":12},"end":{"line":43,"column":22}},{"start":{"line":45,"column":12},"end":{"line":54,"column":22}},{"start":{"line":56,"column":12},"end":{"line":62,"column":22}},{"start":{"line":64,"column":12},"end":{"line":65,"column":27}}]},"3":{"loc":{"start":{"line":28,"column":16},"end":{"line":32,"column":93}},"type":"if","locations":[{"start":{"line":28,"column":16},"end":{"line":32,"column":93}},{"start":{"line":29,"column":21},"end":{"line":32,"column":93}}]},"4":{"loc":{"start":{"line":29,"column":21},"end":{"line":32,"column":93}},"type":"if","locations":[{"start":{"line":29,"column":21},"end":{"line":32,"column":93}},{"start":{"line":30,"column":21},"end":{"line":32,"column":93}}]},"5":{"loc":{"start":{"line":30,"column":21},"end":{"line":32,"column":93}},"type":"if","locations":[{"start":{"line":30,"column":21},"end":{"line":32,"column":93}},{"start":{"line":31,"column":21},"end":{"line":32,"column":93}}]},"6":{"loc":{"start":{"line":31,"column":21},"end":{"line":32,"column":93}},"type":"if","locations":[{"start":{"line":31,"column":21},"end":{"line":32,"column":93}},{"start":{"line":32,"column":21},"end":{"line":32,"column":93}}]},"7":{"loc":{"start":{"line":40,"column":16},"end":{"line":40,"column":106}},"type":"if","locations":[{"start":{"line":40,"column":16},"end":{"line":40,"column":106}}]},"8":{"loc":{"start":{"line":46,"column":16},"end":{"line":53,"column":93}},"type":"if","locations":[{"start":{"line":46,"column":16},"end":{"line":53,"column":93}},{"start":{"line":47,"column":21},"end":{"line":53,"column":93}}]},"9":{"loc":{"start":{"line":47,"column":21},"end":{"line":53,"column":93}},"type":"if","locations":[{"start":{"line":47,"column":21},"end":{"line":53,"column":93}},{"start":{"line":51,"column":21},"end":{"line":53,"column":93}}]},"10":{"loc":{"start":{"line":51,"column":21},"end":{"line":53,"column":93}},"type":"if","locations":[{"start":{"line":51,"column":21},"end":{"line":53,"column":93}},{"start":{"line":52,"column":21},"end":{"line":53,"column":93}}]},"11":{"loc":{"start":{"line":52,"column":21},"end":{"line":53,"column":93}},"type":"if","locations":[{"start":{"line":52,"column":21},"end":{"line":53,"column":93}},{"start":{"line":53,"column":21},"end":{"line":53,"column":93}}]},"12":{"loc":{"start":{"line":57,"column":16},"end":{"line":61,"column":93}},"type":"if","locations":[{"start":{"line":57,"column":16},"end":{"line":61,"column":93}},{"start":{"line":58,"column":21},"end":{"line":61,"column":93}}]},"13":{"loc":{"start":{"line":58,"column":21},"end":{"line":61,"column":93}},"type":"if","locations":[{"start":{"line":58,"column":21},"end":{"line":61,"column":93}},{"start":{"line":59,"column":21},"end":{"line":61,"column":93}}]},"14":{"loc":{"start":{"line":59,"column":21},"end":{"line":61,"column":93}},"type":"if","locations":[{"start":{"line":59,"column":21},"end":{"line":61,"column":93}},{"start":{"line":60,"column":21},"end":{"line":61,"column":93}}]},"15":{"loc":{"start":{"line":60,"column":21},"end":{"line":61,"column":93}},"type":"if","locations":[{"start":{"line":60,"column":21},"end":{"line":61,"column":93}},{"start":{"line":61,"column":21},"end":{"line":61,"column":93}}]},"16":{"loc":{"start":{"line":68,"column":4},"end":{"line":68,"column":108}},"type":"if","locations":[{"start":{"line":68,"column":4},"end":{"line":68,"column":108}}]},"17":{"loc":{"start":{"line":78,"column":4},"end":{"line":78,"column":92}},"type":"if","locations":[{"start":{"line":78,"column":4},"end":{"line":78,"column":92}}]},"18":{"loc":{"start":{"line":85,"column":4},"end":{"line":85,"column":94}},"type":"if","locations":[{"start":{"line":85,"column":4},"end":{"line":85,"column":94}}]}},"s":{"0":1,"1":7,"2":1,"3":1,"4":1,"5":1,"6":1,"7":1,"8":1,"9":1,"10":1,"11":1,"12":1,"13":1,"14":1,"15":1,"16":1,"17":1,"18":1,"19":7,"20":7,"21":7,"22":7,"23":6,"24":1,"25":0,"26":1,"27":0,"28":1,"29":0,"30":1,"31":6,"32":0,"33":0,"34":0,"35":0,"36":0,"37":0,"38":0,"39":0,"40":0,"41":0,"42":0,"43":0,"44":0,"45":0,"46":0,"47":0,"48":0,"49":0,"50":0,"51":0,"52":0,"53":0,"54":0,"55":0,"56":0,"57":0,"58":0,"59":0,"60":0,"61":0,"62":0,"63":0,"64":0,"65":0,"66":0,"67":0,"68":0,"69":1,"70":0,"71":0,"72":0,"73":0,"74":0,"75":0,"76":0,"77":0,"78":0,"79":0,"80":0,"81":1},"f":{"0":7,"1":1,"2":1,"3":1,"4":1,"5":1,"6":0,"7":0,"8":0},"b":{"0":[1,0],"1":[1,1],"2":[7,0,0,0,0],"3":[6,1],"4":[0,1],"5":[0,1],"6":[0,1],"7":[0],"8":[0,0],"9":[0,0],"10":[0,0],"11":[0,0],"12":[0,0],"13":[0,0],"14":[0,0],"15":[0,0],"16":[0],"17":[0],"18":[0]}}
}
