TN:
SF:src/parser.ts
FN:2,(anonymous_0)
FN:3,(anonymous_1)
FN:4,(anonymous_2)
FN:5,(anonymous_3)
FN:7,signatureToArgumentGuard
FN:13,(anonymous_5)
FN:70,(anonymous_6)
FN:70,(anonymous_7)
FN:73,signatureToReturnGuard
FNF:9
FNH:6
FNDA:7,(anonymous_0)
FNDA:1,(anonymous_1)
FNDA:1,(anonymous_2)
FNDA:1,(anonymous_3)
FNDA:1,signatureToArgumentGuard
FNDA:1,(anonymous_5)
FNDA:0,(anonymous_6)
FNDA:0,(anonymous_7)
FNDA:0,signatureToReturnGuard
DA:2,7
DA:3,1
DA:4,1
DA:5,1
DA:7,1
DA:11,1
DA:13,1
DA:14,1
DA:15,1
DA:16,1
DA:17,1
DA:18,1
DA:20,1
DA:22,1
DA:23,1
DA:24,7
DA:25,7
DA:26,7
DA:28,7
DA:29,1
DA:30,1
DA:31,1
DA:32,1
DA:33,6
DA:36,0
DA:37,0
DA:38,0
DA:39,0
DA:40,0
DA:41,0
DA:42,0
DA:43,0
DA:46,0
DA:47,0
DA:48,0
DA:49,0
DA:51,0
DA:52,0
DA:53,0
DA:54,0
DA:57,0
DA:58,0
DA:59,0
DA:60,0
DA:61,0
DA:62,0
DA:65,0
DA:68,0
DA:70,0
DA:73,1
DA:77,0
DA:78,0
DA:79,0
DA:81,0
DA:82,0
DA:83,0
DA:85,0
DA:87,0
LF:58
LH:25
BRDA:5,0,0,1
BRDA:5,0,1,0
BRDA:13,1,0,1
BRDA:13,1,1,1
BRDA:26,2,0,7
BRDA:26,2,1,0
BRDA:26,2,2,0
BRDA:26,2,3,0
BRDA:26,2,4,0
BRDA:28,3,0,6
BRDA:28,3,1,1
BRDA:29,4,0,0
BRDA:29,4,1,1
BRDA:30,5,0,0
BRDA:30,5,1,1
BRDA:31,6,0,0
BRDA:31,6,1,1
BRDA:40,7,0,0
BRDA:46,8,0,0
BRDA:46,8,1,0
BRDA:47,9,0,0
BRDA:47,9,1,0
BRDA:51,10,0,0
BRDA:51,10,1,0
BRDA:52,11,0,0
BRDA:52,11,1,0
BRDA:57,12,0,0
BRDA:57,12,1,0
BRDA:58,13,0,0
BRDA:58,13,1,0
BRDA:59,14,0,0
BRDA:59,14,1,0
BRDA:60,15,0,0
BRDA:60,15,1,0
BRDA:68,16,0,0
BRDA:78,17,0,0
BRDA:85,18,0,0
BRF:37
BRH:9
end_of_record
