TN:
SF:src/parser.ts
FN:2,(anonymous_0)
FN:3,(anonymous_1)
FN:4,(anonymous_2)
FN:5,(anonymous_3)
FN:7,signatureToArgumentGuard
FN:14,(anonymous_5)
FN:72,(anonymous_6)
FN:72,(anonymous_7)
FN:73,(anonymous_8)
FN:73,(anonymous_9)
FN:76,signatureToReturnGuard
FNF:11
FNH:11
FNDA:55,(anonymous_0)
FNDA:145,(anonymous_1)
FNDA:19,(anonymous_2)
FNDA:13,(anonymous_3)
FNDA:15,signatureToArgumentGuard
FNDA:15,(anonymous_5)
FNDA:4,(anonymous_6)
FNDA:8,(anonymous_7)
FNDA:16,(anonymous_8)
FNDA:21,(anonymous_9)
FNDA:2,signatureToReturnGuard
DA:2,55
DA:3,145
DA:4,19
DA:5,13
DA:7,1
DA:12,15
DA:14,15
DA:15,15
DA:16,15
DA:17,15
DA:18,15
DA:19,15
DA:21,15
DA:23,15
DA:24,15
DA:25,74
DA:26,74
DA:27,74
DA:29,15
DA:30,15
DA:31,3
DA:32,2
DA:33,1
DA:34,13
DA:37,17
DA:38,103
DA:39,17
DA:40,17
DA:41,17
DA:42,16
DA:43,16
DA:44,16
DA:47,21
DA:48,15
DA:49,8
DA:50,8
DA:52,7
DA:53,2
DA:54,1
DA:55,19
DA:58,15
DA:59,8
DA:60,3
DA:61,2
DA:62,1
DA:63,12
DA:66,6
DA:69,7
DA:71,6
DA:72,8
DA:73,21
DA:76,1
DA:80,2
DA:81,2
DA:82,2
DA:84,2
DA:85,2
DA:86,2
DA:88,2
DA:90,2
LF:60
LH:60
BRDA:5,0,0,13
BRDA:5,0,1,7
BRDA:10,1,0,13
BRDA:14,2,0,15
BRDA:14,2,1,15
BRDA:27,3,0,15
BRDA:27,3,1,17
BRDA:27,3,2,21
BRDA:27,3,3,15
BRDA:27,3,4,6
BRDA:29,4,0,0
BRDA:29,4,1,15
BRDA:30,5,0,12
BRDA:30,5,1,3
BRDA:31,6,0,1
BRDA:31,6,1,2
BRDA:32,7,0,1
BRDA:32,7,1,1
BRDA:38,8,0,120
BRDA:38,8,1,104
BRDA:41,9,0,1
BRDA:47,10,0,6
BRDA:47,10,1,15
BRDA:48,11,0,8
BRDA:48,11,1,7
BRDA:52,12,0,5
BRDA:52,12,1,2
BRDA:53,13,0,1
BRDA:53,13,1,1
BRDA:58,14,0,7
BRDA:58,14,1,8
BRDA:59,15,0,5
BRDA:59,15,1,3
BRDA:60,16,0,1
BRDA:60,16,1,2
BRDA:61,17,0,1
BRDA:61,17,1,1
BRDA:69,18,0,1
BRDA:71,19,0,1
BRDA:71,19,1,5
BRDA:73,20,0,16
BRDA:73,20,1,14
BRDA:81,21,0,0
BRDA:88,22,0,0
BRF:44
BRH:41
end_of_record
